<?xml version="1.0" encoding="UTF-8"?>
<testsuite xmlns:xsi="http://www.w3.org/2001/XMLSchema-instance" xsi:noNamespaceSchemaLocation="https://maven.apache.org/surefire/maven-surefire-plugin/xsd/surefire-test-report.xsd" name="com.ognice.register.DiscoveryClientTest" time="0.001" tests="2" errors="2" skipped="0" failures="0">
  <properties>
    <property name="sun.desktop" value="windows"/>
    <property name="awt.toolkit" value="sun.awt.windows.WToolkit"/>
    <property name="file.encoding.pkg" value="sun.io"/>
    <property name="java.specification.version" value="1.8"/>
    <property name="sun.cpu.isalist" value="amd64"/>
    <property name="sun.jnu.encoding" value="GBK"/>
    <property name="java.class.path" value="E:\job\dbfk\opensource\distributed\register-center\register-zookeeper\target\test-classes;E:\job\dbfk\opensource\distributed\register-center\register-zookeeper\target\classes;E:\java\mavenLib\junit\junit\4.12\junit-4.12.jar;E:\java\mavenLib\org\hamcrest\hamcrest-core\1.3\hamcrest-core-1.3.jar;E:\java\mavenLib\org\projectlombok\lombok\1.18.2\lombok-1.18.2.jar;E:\job\dbfk\opensource\distributed\register-center\register-discovery\target\register-discovery-1.0-SNAPSHOT.jar;E:\job\dbfk\opensource\distributed\register-center\register-common\target\register-common-1.0-SNAPSHOT.jar;E:\java\mavenLib\org\apache\curator\curator-recipes\4.0.0\curator-recipes-4.0.0.jar;E:\java\mavenLib\org\apache\curator\curator-framework\4.0.0\curator-framework-4.0.0.jar;E:\java\mavenLib\org\apache\curator\curator-client\4.0.0\curator-client-4.0.0.jar;E:\java\mavenLib\com\google\guava\guava\20.0\guava-20.0.jar;E:\java\mavenLib\org\apache\zookeeper\zookeeper\3.4.14\zookeeper-3.4.14.jar;E:\java\mavenLib\org\slf4j\slf4j-api\1.7.25\slf4j-api-1.7.25.jar;E:\java\mavenLib\org\slf4j\slf4j-log4j12\1.7.25\slf4j-log4j12-1.7.25.jar;E:\java\mavenLib\com\github\spotbugs\spotbugs-annotations\3.1.9\spotbugs-annotations-3.1.9.jar;E:\java\mavenLib\com\google\code\findbugs\jsr305\3.0.2\jsr305-3.0.2.jar;E:\java\mavenLib\log4j\log4j\1.2.17\log4j-1.2.17.jar;E:\java\mavenLib\jline\jline\0.9.94\jline-0.9.94.jar;E:\java\mavenLib\org\apache\yetus\audience-annotations\0.5.0\audience-annotations-0.5.0.jar;E:\java\mavenLib\io\netty\netty\3.10.6.Final\netty-3.10.6.Final.jar;"/>
    <property name="java.vm.vendor" value="Oracle Corporation"/>
    <property name="sun.arch.data.model" value="64"/>
    <property name="user.variant" value=""/>
    <property name="java.vendor.url" value="http://java.oracle.com/"/>
    <property name="user.timezone" value="Asia/Shanghai"/>
    <property name="java.vm.specification.version" value="1.8"/>
    <property name="os.name" value="Windows 10"/>
    <property name="user.country" value="CN"/>
    <property name="sun.java.launcher" value="SUN_STANDARD"/>
    <property name="sun.boot.library.path" value="C:\Program Files\Java\jdk1.8.0_201\jre\bin"/>
    <property name="sun.java.command" value="C:\Users\HUANGK~1\AppData\Local\Temp\surefire7655833919617253587\surefirebooter3859061550207609631.jar C:\Users\huangkaifu\AppData\Local\Temp\surefire7655833919617253587 2019-10-08T09-52-57_104-jvmRun1 surefire325729114707976231tmp surefire_06073883749455983071tmp"/>
    <property name="surefire.test.class.path" value="E:\job\dbfk\opensource\distributed\register-center\register-zookeeper\target\test-classes;E:\job\dbfk\opensource\distributed\register-center\register-zookeeper\target\classes;E:\java\mavenLib\junit\junit\4.12\junit-4.12.jar;E:\java\mavenLib\org\hamcrest\hamcrest-core\1.3\hamcrest-core-1.3.jar;E:\java\mavenLib\org\projectlombok\lombok\1.18.2\lombok-1.18.2.jar;E:\job\dbfk\opensource\distributed\register-center\register-discovery\target\register-discovery-1.0-SNAPSHOT.jar;E:\job\dbfk\opensource\distributed\register-center\register-common\target\register-common-1.0-SNAPSHOT.jar;E:\java\mavenLib\org\apache\curator\curator-recipes\4.0.0\curator-recipes-4.0.0.jar;E:\java\mavenLib\org\apache\curator\curator-framework\4.0.0\curator-framework-4.0.0.jar;E:\java\mavenLib\org\apache\curator\curator-client\4.0.0\curator-client-4.0.0.jar;E:\java\mavenLib\com\google\guava\guava\20.0\guava-20.0.jar;E:\java\mavenLib\org\apache\zookeeper\zookeeper\3.4.14\zookeeper-3.4.14.jar;E:\java\mavenLib\org\slf4j\slf4j-api\1.7.25\slf4j-api-1.7.25.jar;E:\java\mavenLib\org\slf4j\slf4j-log4j12\1.7.25\slf4j-log4j12-1.7.25.jar;E:\java\mavenLib\com\github\spotbugs\spotbugs-annotations\3.1.9\spotbugs-annotations-3.1.9.jar;E:\java\mavenLib\com\google\code\findbugs\jsr305\3.0.2\jsr305-3.0.2.jar;E:\java\mavenLib\log4j\log4j\1.2.17\log4j-1.2.17.jar;E:\java\mavenLib\jline\jline\0.9.94\jline-0.9.94.jar;E:\java\mavenLib\org\apache\yetus\audience-annotations\0.5.0\audience-annotations-0.5.0.jar;E:\java\mavenLib\io\netty\netty\3.10.6.Final\netty-3.10.6.Final.jar;"/>
    <property name="sun.cpu.endian" value="little"/>
    <property name="user.home" value="C:\Users\huangkaifu"/>
    <property name="user.language" value="zh"/>
    <property name="java.specification.vendor" value="Oracle Corporation"/>
    <property name="idea.version2019.2.2" value="true"/>
    <property name="java.home" value="C:\Program Files\Java\jdk1.8.0_201\jre"/>
    <property name="basedir" value="E:\job\dbfk\opensource\distributed\register-center\register-zookeeper"/>
    <property name="file.separator" value="\"/>
    <property name="line.separator" value="&#10;"/>
    <property name="java.vm.specification.vendor" value="Oracle Corporation"/>
    <property name="java.specification.name" value="Java Platform API Specification"/>
    <property name="java.awt.graphicsenv" value="sun.awt.Win32GraphicsEnvironment"/>
    <property name="surefire.real.class.path" value="C:\Users\HUANGK~1\AppData\Local\Temp\surefire7655833919617253587\surefirebooter3859061550207609631.jar"/>
    <property name="sun.boot.class.path" value="C:\Program Files\Java\jdk1.8.0_201\jre\lib\resources.jar;C:\Program Files\Java\jdk1.8.0_201\jre\lib\rt.jar;C:\Program Files\Java\jdk1.8.0_201\jre\lib\sunrsasign.jar;C:\Program Files\Java\jdk1.8.0_201\jre\lib\jsse.jar;C:\Program Files\Java\jdk1.8.0_201\jre\lib\jce.jar;C:\Program Files\Java\jdk1.8.0_201\jre\lib\charsets.jar;C:\Program Files\Java\jdk1.8.0_201\jre\lib\jfr.jar;C:\Program Files\Java\jdk1.8.0_201\jre\classes"/>
    <property name="user.script" value=""/>
    <property name="sun.management.compiler" value="HotSpot 64-Bit Tiered Compilers"/>
    <property name="java.runtime.version" value="1.8.0_201-b09"/>
    <property name="user.name" value="huangkaifu"/>
    <property name="path.separator" value=";"/>
    <property name="os.version" value="10.0"/>
    <property name="java.endorsed.dirs" value="C:\Program Files\Java\jdk1.8.0_201\jre\lib\endorsed"/>
    <property name="java.runtime.name" value="Java(TM) SE Runtime Environment"/>
    <property name="file.encoding" value="GBK"/>
    <property name="java.vm.name" value="Java HotSpot(TM) 64-Bit Server VM"/>
    <property name="localRepository" value="E:\java\mavenLib"/>
    <property name="java.vendor.url.bug" value="http://bugreport.sun.com/bugreport/"/>
    <property name="java.io.tmpdir" value="C:\Users\HUANGK~1\AppData\Local\Temp\"/>
    <property name="java.version" value="1.8.0_201"/>
    <property name="user.dir" value="E:\job\dbfk\opensource\distributed\register-center\register-zookeeper"/>
    <property name="os.arch" value="amd64"/>
    <property name="java.vm.specification.name" value="Java Virtual Machine Specification"/>
    <property name="java.awt.printerjob" value="sun.awt.windows.WPrinterJob"/>
    <property name="sun.os.patch.level" value=""/>
    <property name="java.library.path" value="C:\Program Files\Java\jdk1.8.0_201\jre\bin;C:\Windows\Sun\Java\bin;C:\Windows\system32;C:\Windows;c:\program files\graphicsmagick-1.3.31-q16;C:\Program Files\ImageMagick-7.0.8-Q16;C:\Program Files (x86)\NetSarang\Xshell 6\;C:\Windows\system32;C:\Windows;C:\Windows\System32\Wbem;C:\Windows\System32\WindowsPowerShell\v1.0\;C:\Program Files\Git\cmd;C:\Program Files\TortoiseGit\bin;C:\Program Files\nodejs\;C:\Program Files\MySQL\MySQL Utilities 1.6\;E:\job\dbfk\opensource\kafka_2.11-2.3.0\bin;C:\Program Files (x86)\scala\bin;C:\Users\huangkaifu\AppData\Local\Microsoft\WindowsApps;C:\Program Files\JetBrains\IntelliJ IDEA 2018.3.5\bin;C:\Users\huangkaifu\AppData\Roaming\npm;C:\Program Files\Java\jdk1.8.0_201\bin;C:\Program Files\Java\jdk1.8.0_201\jre\bin;C:\Users\huangkaifu\AppData\Local\Programs\Microsoft VS Code\bin;D:\software\apache-maven-3.5.4\bin;C:\Users\huangkaifu\AppData\Local\Programs\Fiddler;D:\software\consul;C:\Program Files\JetBrains\IntelliJ IDEA 2019.1.2\bin;C:\Users\huangkaifu\AppData\Local\BypassRuntm;E:\job\dbfk\opensource\kafka_2.11-2.3.0\bin;C:\Program Files\gradle-5.5.1\bin;;."/>
    <property name="java.vm.info" value="mixed mode"/>
    <property name="java.vendor" value="Oracle Corporation"/>
    <property name="java.vm.version" value="25.201-b09"/>
    <property name="java.ext.dirs" value="C:\Program Files\Java\jdk1.8.0_201\jre\lib\ext;C:\Windows\Sun\Java\lib\ext"/>
    <property name="sun.io.unicode.encoding" value="UnicodeLittle"/>
    <property name="java.class.version" value="52.0"/>
  </properties>
  <testcase name="initializationError" classname="com.ognice.register.DiscoveryClientTest" time="0">
    <error message="The class com.ognice.register.DiscoveryClientTest is not public." type="java.lang.Exception">java.lang.Exception: The class com.ognice.register.DiscoveryClientTest is not public.
</error>
  </testcase>
  <testcase name="initializationError" classname="com.ognice.register.DiscoveryClientTest" time="0">
    <error message="Test class should have exactly one public constructor" type="java.lang.Exception">java.lang.Exception: Test class should have exactly one public constructor
</error>
  </testcase>
</testsuite>